2015-04-01 20:01:18,592 WARN org.apache.hadoop.util.NativeCodeLoader: Unable to load native-hadoop library for your platform... using builtin-java classes where applicable
2015-04-01 20:01:25,795 INFO org.apache.hadoop.conf.Configuration.deprecation: session.id is deprecated. Instead, use dfs.metrics.session-id
2015-04-01 20:01:25,987 INFO org.apache.hadoop.metrics.jvm.JvmMetrics: Initializing JVM Metrics with processName=JobTracker, sessionId=
2015-04-01 20:01:30,190 WARN org.apache.hadoop.security.UserGroupInformation: PriviledgedActionException as:cloudera (auth:SIMPLE) cause:org.apache.hadoop.mapred.FileAlreadyExistsException: Output directory file:/home/cloudera/workspace/Question1/output already exists
2015-04-01 20:05:10,318 WARN org.apache.hadoop.util.NativeCodeLoader: Unable to load native-hadoop library for your platform... using builtin-java classes where applicable
2015-04-01 20:05:10,996 INFO org.apache.hadoop.conf.Configuration.deprecation: session.id is deprecated. Instead, use dfs.metrics.session-id
2015-04-01 20:05:10,997 INFO org.apache.hadoop.metrics.jvm.JvmMetrics: Initializing JVM Metrics with processName=JobTracker, sessionId=
2015-04-01 20:05:12,033 WARN org.apache.hadoop.mapreduce.JobSubmitter: No job jar file set.  User classes may not be found. See Job or Job#setJar(String).
2015-04-01 20:05:12,061 INFO org.apache.hadoop.mapreduce.lib.input.FileInputFormat: Total input paths to process : 1
2015-04-01 20:05:12,207 INFO org.apache.hadoop.mapreduce.JobSubmitter: number of splits:1
2015-04-01 20:05:12,824 INFO org.apache.hadoop.mapreduce.JobSubmitter: Submitting tokens for job: job_local659956645_0001
2015-04-01 20:05:12,999 WARN org.apache.hadoop.conf.Configuration: file:/tmp/hadoop-cloudera/mapred/staging/cloudera659956645/.staging/job_local659956645_0001/job.xml:an attempt to override final parameter: mapreduce.job.end-notification.max.retry.interval;  Ignoring.
2015-04-01 20:05:13,032 WARN org.apache.hadoop.conf.Configuration: file:/tmp/hadoop-cloudera/mapred/staging/cloudera659956645/.staging/job_local659956645_0001/job.xml:an attempt to override final parameter: mapreduce.job.end-notification.max.attempts;  Ignoring.
2015-04-01 20:05:13,431 WARN org.apache.hadoop.conf.Configuration: file:/tmp/hadoop-cloudera/mapred/local/localRunner/cloudera/job_local659956645_0001/job_local659956645_0001.xml:an attempt to override final parameter: mapreduce.job.end-notification.max.retry.interval;  Ignoring.
2015-04-01 20:05:13,474 WARN org.apache.hadoop.conf.Configuration: file:/tmp/hadoop-cloudera/mapred/local/localRunner/cloudera/job_local659956645_0001/job_local659956645_0001.xml:an attempt to override final parameter: mapreduce.job.end-notification.max.attempts;  Ignoring.
2015-04-01 20:05:13,496 INFO org.apache.hadoop.mapreduce.Job: The url to track the job: http://localhost:8080/
2015-04-01 20:05:13,498 INFO org.apache.hadoop.mapreduce.Job: Running job: job_local659956645_0001
2015-04-01 20:05:13,501 INFO org.apache.hadoop.mapred.LocalJobRunner: OutputCommitter set in config null
2015-04-01 20:05:13,549 INFO org.apache.hadoop.mapred.LocalJobRunner: OutputCommitter is org.apache.hadoop.mapreduce.lib.output.FileOutputCommitter
2015-04-01 20:05:13,751 INFO org.apache.hadoop.mapred.LocalJobRunner: Waiting for map tasks
2015-04-01 20:05:13,752 INFO org.apache.hadoop.mapred.LocalJobRunner: Starting task: attempt_local659956645_0001_m_000000_0
2015-04-01 20:05:13,973 INFO org.apache.hadoop.mapred.Task:  Using ResourceCalculatorProcessTree : [ ]
2015-04-01 20:05:13,979 INFO org.apache.hadoop.mapred.MapTask: Processing split: file:/home/cloudera/workspace/Question1/pg100.txt:0+5465100
2015-04-01 20:05:14,247 INFO org.apache.hadoop.mapred.MapTask: (EQUATOR) 0 kvi 26214396(104857584)
2015-04-01 20:05:14,250 INFO org.apache.hadoop.mapred.MapTask: mapreduce.task.io.sort.mb: 100
2015-04-01 20:05:14,250 INFO org.apache.hadoop.mapred.MapTask: soft limit at 83886080
2015-04-01 20:05:14,250 INFO org.apache.hadoop.mapred.MapTask: bufstart = 0; bufvoid = 104857600
2015-04-01 20:05:14,250 INFO org.apache.hadoop.mapred.MapTask: kvstart = 26214396; length = 6553600
2015-04-01 20:05:14,328 INFO org.apache.hadoop.mapred.MapTask: Map output collector class = org.apache.hadoop.mapred.MapTask$MapOutputBuffer
2015-04-01 20:05:14,500 INFO org.apache.hadoop.mapreduce.Job: Job job_local659956645_0001 running in uber mode : false
2015-04-01 20:05:14,835 INFO org.apache.hadoop.mapreduce.Job:  map 0% reduce 0%
2015-04-01 20:05:16,957 INFO org.apache.hadoop.mapred.LocalJobRunner: 
2015-04-01 20:05:16,958 INFO org.apache.hadoop.mapred.MapTask: Starting flush of map output
2015-04-01 20:05:16,958 INFO org.apache.hadoop.mapred.MapTask: Spilling map output
2015-04-01 20:05:16,958 INFO org.apache.hadoop.mapred.MapTask: bufstart = 0; bufend = 5422230; bufvoid = 104857600
2015-04-01 20:05:16,958 INFO org.apache.hadoop.mapred.MapTask: kvstart = 26214396(104857584); kvend = 22599580(90398320); length = 3614817/6553600
2015-04-01 20:05:18,525 INFO org.apache.hadoop.mapred.MapTask: Finished spill 0
2015-04-01 20:05:18,550 INFO org.apache.hadoop.mapred.Task: Task:attempt_local659956645_0001_m_000000_0 is done. And is in the process of committing
2015-04-01 20:05:18,589 INFO org.apache.hadoop.mapred.LocalJobRunner: map
2015-04-01 20:05:18,590 INFO org.apache.hadoop.mapred.Task: Task 'attempt_local659956645_0001_m_000000_0' done.
2015-04-01 20:05:18,590 INFO org.apache.hadoop.mapred.LocalJobRunner: Finishing task: attempt_local659956645_0001_m_000000_0
2015-04-01 20:05:18,590 INFO org.apache.hadoop.mapred.LocalJobRunner: map task executor complete.
2015-04-01 20:05:18,598 INFO org.apache.hadoop.mapred.LocalJobRunner: Waiting for reduce tasks
2015-04-01 20:05:18,598 INFO org.apache.hadoop.mapred.LocalJobRunner: Starting task: attempt_local659956645_0001_r_000000_0
2015-04-01 20:05:18,608 INFO org.apache.hadoop.mapred.Task:  Using ResourceCalculatorProcessTree : [ ]
2015-04-01 20:05:18,616 INFO org.apache.hadoop.mapred.ReduceTask: Using ShuffleConsumerPlugin: org.apache.hadoop.mapreduce.task.reduce.Shuffle@356fde16
2015-04-01 20:05:18,721 INFO org.apache.hadoop.mapreduce.task.reduce.MergeManagerImpl: MergerManager: memoryLimit=333512704, maxSingleShuffleLimit=83378176, mergeThreshold=220118400, ioSortFactor=10, memToMemMergeOutputsThreshold=10
2015-04-01 20:05:18,727 INFO org.apache.hadoop.mapreduce.task.reduce.EventFetcher: attempt_local659956645_0001_r_000000_0 Thread started: EventFetcher for fetching Map Completion Events
2015-04-01 20:05:18,833 INFO org.apache.hadoop.mapreduce.task.reduce.LocalFetcher: localfetcher#1 about to shuffle output of map attempt_local659956645_0001_m_000000_0 decomp: 7229642 len: 7229646 to MEMORY
2015-04-01 20:05:18,957 INFO org.apache.hadoop.mapreduce.Job:  map 100% reduce 0%
2015-04-01 20:05:19,098 INFO org.apache.hadoop.mapreduce.task.reduce.InMemoryMapOutput: Read 7229642 bytes from map-output for attempt_local659956645_0001_m_000000_0
2015-04-01 20:05:20,072 INFO org.apache.hadoop.mapreduce.task.reduce.MergeManagerImpl: closeInMemoryFile -> map-output of size: 7229642, inMemoryMapOutputs.size() -> 1, commitMemory -> 0, usedMemory ->7229642
2015-04-01 20:05:20,152 INFO org.apache.hadoop.mapreduce.task.reduce.EventFetcher: EventFetcher is interrupted.. Returning
2015-04-01 20:05:20,155 INFO org.apache.hadoop.mapred.LocalJobRunner: 1 / 1 copied.
2015-04-01 20:05:20,156 INFO org.apache.hadoop.mapreduce.task.reduce.MergeManagerImpl: finalMerge called with 1 in-memory map-outputs and 0 on-disk map-outputs
2015-04-01 20:05:20,220 INFO org.apache.hadoop.mapred.Merger: Merging 1 sorted segments
2015-04-01 20:05:20,220 INFO org.apache.hadoop.mapred.Merger: Down to the last merge-pass, with 1 segments left of total size: 7229638 bytes
2015-04-01 20:05:21,705 INFO org.apache.hadoop.mapreduce.task.reduce.MergeManagerImpl: Merged 1 segments, 7229642 bytes to disk to satisfy reduce memory limit
2015-04-01 20:05:21,708 INFO org.apache.hadoop.mapreduce.task.reduce.MergeManagerImpl: Merging 1 files, 7229646 bytes from disk
2015-04-01 20:05:21,742 INFO org.apache.hadoop.mapreduce.task.reduce.MergeManagerImpl: Merging 0 segments, 0 bytes from memory into reduce
2015-04-01 20:05:21,742 INFO org.apache.hadoop.mapred.Merger: Merging 1 sorted segments
2015-04-01 20:05:21,744 INFO org.apache.hadoop.mapred.Merger: Down to the last merge-pass, with 1 segments left of total size: 7229638 bytes
2015-04-01 20:05:21,745 INFO org.apache.hadoop.mapred.LocalJobRunner: 1 / 1 copied.
2015-04-01 20:05:22,128 INFO org.apache.hadoop.conf.Configuration.deprecation: mapred.skip.on is deprecated. Instead, use mapreduce.job.skiprecords
2015-04-01 20:05:23,652 INFO org.apache.hadoop.mapred.Task: Task:attempt_local659956645_0001_r_000000_0 is done. And is in the process of committing
2015-04-01 20:05:23,657 INFO org.apache.hadoop.mapred.LocalJobRunner: 1 / 1 copied.
2015-04-01 20:05:23,664 INFO org.apache.hadoop.mapred.Task: Task attempt_local659956645_0001_r_000000_0 is allowed to commit now
2015-04-01 20:05:23,671 INFO org.apache.hadoop.mapreduce.lib.output.FileOutputCommitter: Saved output of task 'attempt_local659956645_0001_r_000000_0' to file:/home/cloudera/workspace/Question1/output/_temporary/0/task_local659956645_0001_r_000000
2015-04-01 20:05:23,673 INFO org.apache.hadoop.mapred.LocalJobRunner: reduce > reduce
2015-04-01 20:05:23,674 INFO org.apache.hadoop.mapred.Task: Task 'attempt_local659956645_0001_r_000000_0' done.
2015-04-01 20:05:23,674 INFO org.apache.hadoop.mapred.LocalJobRunner: Finishing task: attempt_local659956645_0001_r_000000_0
2015-04-01 20:05:23,674 INFO org.apache.hadoop.mapred.LocalJobRunner: reduce task executor complete.
2015-04-01 20:05:23,966 INFO org.apache.hadoop.mapreduce.Job:  map 100% reduce 100%
2015-04-01 20:05:23,967 INFO org.apache.hadoop.mapreduce.Job: Job job_local659956645_0001 completed successfully
2015-04-01 20:05:24,023 INFO org.apache.hadoop.mapreduce.Job: Counters: 33
	File System Counters
		FILE: Number of bytes read=25389866
		FILE: Number of bytes written=22187521
		FILE: Number of read operations=0
		FILE: Number of large read operations=0
		FILE: Number of write operations=0
	Map-Reduce Framework
		Map input records=124788
		Map output records=903705
		Map output bytes=5422230
		Map output materialized bytes=7229646
		Input split bytes=114
		Combine input records=0
		Combine output records=0
		Reduce input groups=36
		Reduce shuffle bytes=7229646
		Reduce input records=903705
		Reduce output records=36
		Spilled Records=1807410
		Shuffled Maps =1
		Failed Shuffles=0
		Merged Map outputs=1
		GC time elapsed (ms)=180
		CPU time spent (ms)=0
		Physical memory (bytes) snapshot=0
		Virtual memory (bytes) snapshot=0
		Total committed heap usage (bytes)=269623296
	Shuffle Errors
		BAD_ID=0
		CONNECTION=0
		IO_ERROR=0
		WRONG_LENGTH=0
		WRONG_MAP=0
		WRONG_REDUCE=0
	File Input Format Counters 
		Bytes Read=5465100
	File Output Format Counters 
		Bytes Written=261
2015-04-01 20:07:24,526 WARN org.apache.hadoop.util.NativeCodeLoader: Unable to load native-hadoop library for your platform... using builtin-java classes where applicable
2015-04-01 20:07:25,309 INFO org.apache.hadoop.conf.Configuration.deprecation: session.id is deprecated. Instead, use dfs.metrics.session-id
2015-04-01 20:07:25,326 INFO org.apache.hadoop.metrics.jvm.JvmMetrics: Initializing JVM Metrics with processName=JobTracker, sessionId=
2015-04-01 20:07:26,400 WARN org.apache.hadoop.mapreduce.JobSubmitter: No job jar file set.  User classes may not be found. See Job or Job#setJar(String).
2015-04-01 20:07:26,411 INFO org.apache.hadoop.mapreduce.lib.input.FileInputFormat: Total input paths to process : 1
2015-04-01 20:07:26,494 INFO org.apache.hadoop.mapreduce.JobSubmitter: number of splits:1
2015-04-01 20:07:27,109 INFO org.apache.hadoop.mapreduce.JobSubmitter: Submitting tokens for job: job_local150990647_0001
2015-04-01 20:07:27,255 WARN org.apache.hadoop.conf.Configuration: file:/tmp/hadoop-cloudera/mapred/staging/cloudera150990647/.staging/job_local150990647_0001/job.xml:an attempt to override final parameter: mapreduce.job.end-notification.max.retry.interval;  Ignoring.
2015-04-01 20:07:27,264 WARN org.apache.hadoop.conf.Configuration: file:/tmp/hadoop-cloudera/mapred/staging/cloudera150990647/.staging/job_local150990647_0001/job.xml:an attempt to override final parameter: mapreduce.job.end-notification.max.attempts;  Ignoring.
2015-04-01 20:07:27,720 WARN org.apache.hadoop.conf.Configuration: file:/tmp/hadoop-cloudera/mapred/local/localRunner/cloudera/job_local150990647_0001/job_local150990647_0001.xml:an attempt to override final parameter: mapreduce.job.end-notification.max.retry.interval;  Ignoring.
2015-04-01 20:07:27,730 WARN org.apache.hadoop.conf.Configuration: file:/tmp/hadoop-cloudera/mapred/local/localRunner/cloudera/job_local150990647_0001/job_local150990647_0001.xml:an attempt to override final parameter: mapreduce.job.end-notification.max.attempts;  Ignoring.
2015-04-01 20:07:27,770 INFO org.apache.hadoop.mapreduce.Job: The url to track the job: http://localhost:8080/
2015-04-01 20:07:27,771 INFO org.apache.hadoop.mapreduce.Job: Running job: job_local150990647_0001
2015-04-01 20:07:27,774 INFO org.apache.hadoop.mapred.LocalJobRunner: OutputCommitter set in config null
2015-04-01 20:07:27,802 INFO org.apache.hadoop.mapred.LocalJobRunner: OutputCommitter is org.apache.hadoop.mapreduce.lib.output.FileOutputCommitter
2015-04-01 20:07:27,996 INFO org.apache.hadoop.mapred.LocalJobRunner: Waiting for map tasks
2015-04-01 20:07:27,998 INFO org.apache.hadoop.mapred.LocalJobRunner: Starting task: attempt_local150990647_0001_m_000000_0
2015-04-01 20:07:28,203 INFO org.apache.hadoop.mapred.Task:  Using ResourceCalculatorProcessTree : [ ]
2015-04-01 20:07:28,208 INFO org.apache.hadoop.mapred.MapTask: Processing split: file:/home/cloudera/workspace/Question1/pg100.txt:0+5465100
2015-04-01 20:07:28,727 INFO org.apache.hadoop.mapred.MapTask: (EQUATOR) 0 kvi 26214396(104857584)
2015-04-01 20:07:29,228 INFO org.apache.hadoop.mapred.MapTask: mapreduce.task.io.sort.mb: 100
2015-04-01 20:07:29,228 INFO org.apache.hadoop.mapred.MapTask: soft limit at 83886080
2015-04-01 20:07:29,228 INFO org.apache.hadoop.mapred.MapTask: bufstart = 0; bufvoid = 104857600
2015-04-01 20:07:29,228 INFO org.apache.hadoop.mapred.MapTask: kvstart = 26214396; length = 6553600
2015-04-01 20:07:29,193 INFO org.apache.hadoop.mapreduce.Job: Job job_local150990647_0001 running in uber mode : false
2015-04-01 20:07:29,679 INFO org.apache.hadoop.mapreduce.Job:  map 0% reduce 0%
2015-04-01 20:07:30,043 INFO org.apache.hadoop.mapred.MapTask: Map output collector class = org.apache.hadoop.mapred.MapTask$MapOutputBuffer
2015-04-01 20:07:34,391 INFO org.apache.hadoop.mapred.LocalJobRunner: map > map
2015-04-01 20:07:34,804 INFO org.apache.hadoop.mapreduce.Job:  map 33% reduce 0%
2015-04-01 20:07:34,850 INFO org.apache.hadoop.mapred.LocalJobRunner: map > map
2015-04-01 20:07:34,851 INFO org.apache.hadoop.mapred.MapTask: Starting flush of map output
2015-04-01 20:07:34,851 INFO org.apache.hadoop.mapred.MapTask: Spilling map output
2015-04-01 20:07:34,851 INFO org.apache.hadoop.mapred.MapTask: bufstart = 0; bufend = 5415090; bufvoid = 104857600
2015-04-01 20:07:34,851 INFO org.apache.hadoop.mapred.MapTask: kvstart = 26214396(104857584); kvend = 22604340(90417360); length = 3610057/6553600
2015-04-01 20:07:36,379 INFO org.apache.hadoop.mapred.MapTask: Finished spill 0
2015-04-01 20:07:36,986 INFO org.apache.hadoop.mapred.Task: Task:attempt_local150990647_0001_m_000000_0 is done. And is in the process of committing
2015-04-01 20:07:36,988 INFO org.apache.hadoop.mapred.LocalJobRunner: map
2015-04-01 20:07:36,988 INFO org.apache.hadoop.mapred.Task: Task 'attempt_local150990647_0001_m_000000_0' done.
2015-04-01 20:07:36,988 INFO org.apache.hadoop.mapred.LocalJobRunner: Finishing task: attempt_local150990647_0001_m_000000_0
2015-04-01 20:07:36,989 INFO org.apache.hadoop.mapred.LocalJobRunner: map task executor complete.
2015-04-01 20:07:37,010 INFO org.apache.hadoop.mapred.LocalJobRunner: Waiting for reduce tasks
2015-04-01 20:07:37,013 INFO org.apache.hadoop.mapred.LocalJobRunner: Starting task: attempt_local150990647_0001_r_000000_0
2015-04-01 20:07:37,056 INFO org.apache.hadoop.mapred.Task:  Using ResourceCalculatorProcessTree : [ ]
2015-04-01 20:07:37,063 INFO org.apache.hadoop.mapred.ReduceTask: Using ShuffleConsumerPlugin: org.apache.hadoop.mapreduce.task.reduce.Shuffle@509b7160
2015-04-01 20:07:37,164 INFO org.apache.hadoop.mapreduce.task.reduce.MergeManagerImpl: MergerManager: memoryLimit=333512704, maxSingleShuffleLimit=83378176, mergeThreshold=220118400, ioSortFactor=10, memToMemMergeOutputsThreshold=10
2015-04-01 20:07:37,170 INFO org.apache.hadoop.mapreduce.task.reduce.EventFetcher: attempt_local150990647_0001_r_000000_0 Thread started: EventFetcher for fetching Map Completion Events
2015-04-01 20:07:37,239 INFO org.apache.hadoop.mapreduce.task.reduce.LocalFetcher: localfetcher#1 about to shuffle output of map attempt_local150990647_0001_m_000000_0 decomp: 7220122 len: 7220126 to MEMORY
2015-04-01 20:07:37,642 INFO org.apache.hadoop.mapreduce.task.reduce.InMemoryMapOutput: Read 7220122 bytes from map-output for attempt_local150990647_0001_m_000000_0
2015-04-01 20:07:37,863 INFO org.apache.hadoop.mapreduce.Job:  map 100% reduce 0%
2015-04-01 20:07:38,001 INFO org.apache.hadoop.mapreduce.task.reduce.MergeManagerImpl: closeInMemoryFile -> map-output of size: 7220122, inMemoryMapOutputs.size() -> 1, commitMemory -> 0, usedMemory ->7220122
2015-04-01 20:07:38,005 INFO org.apache.hadoop.mapreduce.task.reduce.EventFetcher: EventFetcher is interrupted.. Returning
2015-04-01 20:07:38,176 INFO org.apache.hadoop.mapred.LocalJobRunner: 1 / 1 copied.
2015-04-01 20:07:38,179 INFO org.apache.hadoop.mapreduce.task.reduce.MergeManagerImpl: finalMerge called with 1 in-memory map-outputs and 0 on-disk map-outputs
2015-04-01 20:07:38,341 INFO org.apache.hadoop.mapred.Merger: Merging 1 sorted segments
2015-04-01 20:07:38,342 INFO org.apache.hadoop.mapred.Merger: Down to the last merge-pass, with 1 segments left of total size: 7220118 bytes
2015-04-01 20:07:40,570 INFO org.apache.hadoop.mapreduce.task.reduce.MergeManagerImpl: Merged 1 segments, 7220122 bytes to disk to satisfy reduce memory limit
2015-04-01 20:07:40,575 INFO org.apache.hadoop.mapreduce.task.reduce.MergeManagerImpl: Merging 1 files, 7220126 bytes from disk
2015-04-01 20:07:40,583 INFO org.apache.hadoop.mapreduce.task.reduce.MergeManagerImpl: Merging 0 segments, 0 bytes from memory into reduce
2015-04-01 20:07:40,583 INFO org.apache.hadoop.mapred.Merger: Merging 1 sorted segments
2015-04-01 20:07:40,588 INFO org.apache.hadoop.mapred.Merger: Down to the last merge-pass, with 1 segments left of total size: 7220118 bytes
2015-04-01 20:07:40,589 INFO org.apache.hadoop.mapred.LocalJobRunner: 1 / 1 copied.
2015-04-01 20:07:40,670 INFO org.apache.hadoop.conf.Configuration.deprecation: mapred.skip.on is deprecated. Instead, use mapreduce.job.skiprecords
2015-04-01 20:07:43,188 INFO org.apache.hadoop.mapred.LocalJobRunner: reduce > reduce
2015-04-01 20:07:43,583 INFO org.apache.hadoop.mapred.Task: Task:attempt_local150990647_0001_r_000000_0 is done. And is in the process of committing
2015-04-01 20:07:43,586 INFO org.apache.hadoop.mapred.LocalJobRunner: reduce > reduce
2015-04-01 20:07:43,588 INFO org.apache.hadoop.mapred.Task: Task attempt_local150990647_0001_r_000000_0 is allowed to commit now
2015-04-01 20:07:43,589 INFO org.apache.hadoop.mapreduce.lib.output.FileOutputCommitter: Saved output of task 'attempt_local150990647_0001_r_000000_0' to file:/home/cloudera/workspace/Question1/output/_temporary/0/task_local150990647_0001_r_000000
2015-04-01 20:07:43,592 INFO org.apache.hadoop.mapred.LocalJobRunner: reduce > reduce
2015-04-01 20:07:43,593 INFO org.apache.hadoop.mapred.Task: Task 'attempt_local150990647_0001_r_000000_0' done.
2015-04-01 20:07:43,593 INFO org.apache.hadoop.mapred.LocalJobRunner: Finishing task: attempt_local150990647_0001_r_000000_0
2015-04-01 20:07:43,593 INFO org.apache.hadoop.mapred.LocalJobRunner: reduce task executor complete.
2015-04-01 20:07:43,885 INFO org.apache.hadoop.mapreduce.Job:  map 100% reduce 100%
2015-04-01 20:07:43,886 INFO org.apache.hadoop.mapreduce.Job: Job job_local150990647_0001 completed successfully
2015-04-01 20:07:43,906 INFO org.apache.hadoop.mapreduce.Job: Counters: 33
	File System Counters
		FILE: Number of bytes read=25370826
		FILE: Number of bytes written=22158910
		FILE: Number of read operations=0
		FILE: Number of large read operations=0
		FILE: Number of write operations=0
	Map-Reduce Framework
		Map input records=124788
		Map output records=902515
		Map output bytes=5415090
		Map output materialized bytes=7220126
		Input split bytes=114
		Combine input records=0
		Combine output records=0
		Reduce input groups=26
		Reduce shuffle bytes=7220126
		Reduce input records=902515
		Reduce output records=26
		Spilled Records=1805030
		Shuffled Maps =1
		Failed Shuffles=0
		Merged Map outputs=1
		GC time elapsed (ms)=284
		CPU time spent (ms)=0
		Physical memory (bytes) snapshot=0
		Virtual memory (bytes) snapshot=0
		Total committed heap usage (bytes)=269623296
	Shuffle Errors
		BAD_ID=0
		CONNECTION=0
		IO_ERROR=0
		WRONG_LENGTH=0
		WRONG_MAP=0
		WRONG_REDUCE=0
	File Input Format Counters 
		Bytes Read=5465100
	File Output Format Counters 
		Bytes Written=210
